<?xml version="1.0" encoding="UTF-8"?>
<!-- Generated by org.testng.reporters.JUnitXMLReporter -->
<testsuite hostname="LAPTOP-D0CIFDTL" ignored="0" name="Default test" tests="3" failures="0" timestamp="2022-10-27T20:45:39 IST" time="0.047" errors="0">
  <testcase name="f2" time="0.008" classname="TestNg.TestNgAnnotationExample2"/>
  <testcase name="f1" time="0.001" classname="TestNg.TestNgAnnotationExample2"/>
  <testcase name="f3" time="0.001" classname="TestNg.TestNgAnnotationExample2"/>
</testsuite> <!-- Default test -->
