<?xml version="1.0" encoding="UTF-8"?>
<testng-results skipped="0" failed="0" ignored="0" total="3" passed="3">
  <reporter-output>
  </reporter-output>
  <suite name="Default Suite" duration-ms="67" started-at="2022-10-27T23:55:45 IST" finished-at="2022-10-27T23:55:45 IST">
    <groups>
    </groups>
    <test name="Command line test 3ab048b3-1832-46bb-a126-bfdc83633938" duration-ms="37" started-at="2022-10-27T23:55:45 IST" finished-at="2022-10-27T23:55:45 IST">
      <class name="xmlSuiteExample.NewTest1">
        <test-method status="PASS" signature="f()[pri:0, instance:xmlSuiteExample.NewTest1@2f7a2457]" name="f" duration-ms="4" started-at="2022-10-27T23:55:45 IST" finished-at="2022-10-27T23:55:45 IST">
          <reporter-output>
          </reporter-output>
        </test-method> <!-- f -->
      </class> <!-- xmlSuiteExample.NewTest1 -->
    </test> <!-- Command line test 3ab048b3-1832-46bb-a126-bfdc83633938 -->
    <test name="Command line test e06299db-0275-476f-aa8b-714742ff4d79" duration-ms="1" started-at="2022-10-27T23:55:45 IST" finished-at="2022-10-27T23:55:45 IST">
      <class name="xmlSuiteExample.NewTest2">
        <test-method status="PASS" signature="f()[pri:0, instance:xmlSuiteExample.NewTest2@2096442d]" name="f" duration-ms="0" started-at="2022-10-27T23:55:45 IST" finished-at="2022-10-27T23:55:45 IST">
          <reporter-output>
          </reporter-output>
        </test-method> <!-- f -->
      </class> <!-- xmlSuiteExample.NewTest2 -->
    </test> <!-- Command line test e06299db-0275-476f-aa8b-714742ff4d79 -->
    <test name="Command line test 6b945021-35d8-4c49-abe9-b1cc7419b9a7" duration-ms="1" started-at="2022-10-27T23:55:45 IST" finished-at="2022-10-27T23:55:45 IST">
      <class name="xmlSuiteExample.NewTest3">
        <test-method status="PASS" signature="f()[pri:0, instance:xmlSuiteExample.NewTest3@50f8360d]" name="f" duration-ms="1" started-at="2022-10-27T23:55:45 IST" finished-at="2022-10-27T23:55:45 IST">
          <reporter-output>
          </reporter-output>
        </test-method> <!-- f -->
      </class> <!-- xmlSuiteExample.NewTest3 -->
    </test> <!-- Command line test 6b945021-35d8-4c49-abe9-b1cc7419b9a7 -->
  </suite> <!-- Default Suite -->
</testng-results>
